\BOOKMARK [1][-]{section.1}{\376\377\000I\000n\000t\000r\000o\000d\000u\000c\000t\000i\000o\000n}{}% 1
\BOOKMARK [1][-]{section.2}{\376\377\000L\000i\000t\000e\000r\000a\000t\000u\000r\000e\000\040\000R\000e\000v\000i\000e\000w}{}% 2
\BOOKMARK [2][-]{subsection.2.1}{\376\377\000C\000o\000r\000r\000e\000l\000a\000t\000i\000o\000n\000\040\000P\000o\000w\000e\000r\000\040\000A\000n\000a\000l\000y\000s\000i\000s\000\040\000B\000a\000s\000i\000c\000s}{section.2}% 3
\BOOKMARK [3][-]{subsubsection.2.1.1}{\376\377\000O\000v\000e\000r\000v\000i\000e\000w}{subsection.2.1}% 4
\BOOKMARK [3][-]{subsubsection.2.1.2}{\376\377\000P\000e\000a\000r\000s\000o\000n\040\031\000s\000\040\000C\000o\000r\000r\000e\000l\000a\000t\000i\000o\000n\000\040\000C\000o\000e\000f\000f\000i\000c\000i\000e\000n\000t}{subsection.2.1}% 5
\BOOKMARK [3][-]{subsubsection.2.1.3}{\376\377\000P\000o\000w\000e\000r\000\040\000M\000o\000d\000e\000l\000s}{subsection.2.1}% 6
\BOOKMARK [3][-]{subsubsection.2.1.4}{\376\377\000I\000m\000p\000o\000r\000t\000a\000n\000c\000e\000\040\000o\000f\000\040\000S\000-\000B\000o\000x\000\040\000O\000u\000t\000p\000u\000t}{subsection.2.1}% 7
\BOOKMARK [3][-]{subsubsection.2.1.5}{\376\377\000A\000l\000g\000o\000r\000i\000t\000h\000m\000\040\000I\000m\000p\000l\000e\000m\000e\000n\000t\000a\000t\000i\000o\000n}{subsection.2.1}% 8
\BOOKMARK [2][-]{subsection.2.2}{\376\377\000L\000i\000n\000e\000a\000r\000\040\000R\000e\000g\000r\000e\000s\000s\000i\000o\000n\000\040\000A\000n\000a\000l\000y\000s\000i\000s\000\040\000B\000a\000s\000i\000c\000s}{section.2}% 9
\BOOKMARK [3][-]{subsubsection.2.2.1}{\376\377\000O\000v\000e\000r\000v\000i\000e\000w}{subsection.2.2}% 10
\BOOKMARK [3][-]{subsubsection.2.2.2}{\376\377\000M\000e\000t\000h\000o\000d\000o\000l\000o\000g\000y}{subsection.2.2}% 11
\BOOKMARK [3][-]{subsubsection.2.2.3}{\376\377\000A\000d\000v\000a\000n\000t\000a\000g\000e\000s\000\040\000o\000f\000\040\000L\000R\000A}{subsection.2.2}% 12
\BOOKMARK [3][-]{subsubsection.2.2.4}{\376\377\000C\000o\000m\000p\000u\000t\000a\000t\000i\000o\000n\000a\000l\000\040\000C\000o\000m\000p\000l\000e\000x\000i\000t\000y}{subsection.2.2}% 13
\BOOKMARK [3][-]{subsubsection.2.2.5}{\376\377\000M\000a\000t\000r\000i\000x\000\040\000C\000o\000m\000p\000u\000t\000a\000t\000i\000o\000n\000s}{subsection.2.2}% 14
\BOOKMARK [3][-]{subsubsection.2.2.6}{\376\377\000A\000l\000g\000o\000r\000i\000t\000h\000m\000\040\000I\000m\000p\000l\000e\000m\000e\000n\000t\000a\000t\000i\000o\000n}{subsection.2.2}% 15
\BOOKMARK [1][-]{section.3}{\376\377\000P\000o\000w\000e\000r\000\040\000M\000o\000d\000e\000l\000s}{}% 16
\BOOKMARK [2][-]{subsection.3.1}{\376\377\000H\000a\000m\000m\000i\000n\000g\000\040\000W\000e\000i\000g\000h\000t}{section.3}% 17
\BOOKMARK [2][-]{subsection.3.2}{\376\377\000H\000a\000m\000m\000i\000n\000g\000\040\000D\000i\000s\000t\000a\000n\000c\000e}{section.3}% 18
\BOOKMARK [1][-]{section.4}{\376\377\000A\000c\000c\000u\000m\000u\000l\000a\000t\000i\000v\000e\000\040\000C\000o\000r\000r\000e\000l\000a\000t\000i\000o\000n\000\040\000P\000o\000w\000e\000r\000\040\000A\000n\000a\000l\000y\000s\000i\000s}{}% 19
\BOOKMARK [2][-]{subsection.4.1}{\376\377\000O\000v\000e\000r\000v\000i\000e\000w}{section.4}% 20
\BOOKMARK [2][-]{subsection.4.2}{\376\377\000M\000e\000t\000h\000o\000d\000o\000l\000o\000g\000y}{section.4}% 21
\BOOKMARK [2][-]{subsection.4.3}{\376\377\000I\000t\000e\000r\000a\000t\000i\000v\000e\000\040\000C\000a\000l\000c\000u\000l\000a\000t\000i\000o\000n\000s}{section.4}% 22
\BOOKMARK [2][-]{subsection.4.4}{\376\377\000A\000l\000g\000o\000r\000i\000t\000h\000m\000\040\000I\000m\000p\000l\000e\000m\000e\000n\000t\000a\000t\000i\000o\000n}{section.4}% 23
\BOOKMARK [2][-]{subsection.4.5}{\376\377\000P\000e\000a\000r\000s\000o\000n\000'\000s\000\040\000C\000o\000r\000r\000e\000l\000a\000t\000i\000o\000n\000\040\000C\000o\000e\000f\000f\000i\000c\000i\000e\000n\000t\000\040\000C\000a\000l\000c\000u\000l\000a\000t\000i\000o\000n}{section.4}% 24
\BOOKMARK [2][-]{subsection.4.6}{\376\377\000L\000i\000m\000i\000t\000a\000t\000i\000o\000n\000s\000\040\000f\000o\000r\000\040\000L\000R\000A}{section.4}% 25
\BOOKMARK [1][-]{section.5}{\376\377\000M\000e\000t\000h\000o\000d\000o\000l\000o\000g\000y}{}% 26
\BOOKMARK [2][-]{subsection.5.1}{\376\377\000S\000i\000m\000u\000l\000a\000t\000i\000o\000n\000\040\000E\000n\000v\000i\000r\000o\000n\000m\000e\000n\000t}{section.5}% 27
\BOOKMARK [2][-]{subsection.5.2}{\376\377\000E\000v\000a\000l\000u\000a\000t\000i\000o\000n\000\040\000M\000e\000t\000r\000i\000c\000s}{section.5}% 28
\BOOKMARK [3][-]{subsubsection.5.2.1}{\376\377\000R\000a\000n\000k\000\040\000E\000v\000a\000l\000u\000a\000t\000i\000o\000n\000\040\000M\000e\000t\000h\000o\000d}{subsection.5.2}% 29
\BOOKMARK [3][-]{subsubsection.5.2.2}{\376\377\000V\000i\000s\000u\000a\000l\000i\000z\000a\000t\000i\000o\000n\000\040\000o\000f\000\040\000R\000e\000s\000u\000l\000t\000s}{subsection.5.2}% 30
\BOOKMARK [2][-]{subsection.5.3}{\376\377\000D\000a\000t\000a\000s\000e\000t\000s}{section.5}% 31
\BOOKMARK [3][-]{subsubsection.5.3.1}{\376\377\000S\000o\000f\000t\000w\000a\000r\000e\000\040\000D\000a\000t\000a\000s\000e\000t}{subsection.5.3}% 32
\BOOKMARK [3][-]{subsubsection.5.3.2}{\376\377\000H\000a\000r\000d\000w\000a\000r\000e\000\040\000D\000a\000t\000a\000s\000e\000t}{subsection.5.3}% 33
\BOOKMARK [2][-]{subsection.5.4}{\376\377\000P\000r\000e\000p\000r\000o\000c\000e\000s\000s\000i\000n\000g\000\040\000E\000f\000f\000e\000c\000t\000s}{section.5}% 34
\BOOKMARK [2][-]{subsection.5.5}{\376\377\000P\000r\000e\000p\000r\000o\000c\000e\000s\000s\000i\000n\000g\000\040\000M\000e\000t\000h\000o\000d\000s\000\040\000U\000s\000e\000d}{section.5}% 35
\BOOKMARK [1][-]{section.6}{\376\377\000R\000e\000s\000u\000l\000t\000s}{}% 36
\BOOKMARK [2][-]{subsection.6.1}{\376\377\000C\000P\000A\000\040\000R\000a\000n\000k\000\040\000E\000v\000o\000l\000u\000t\000i\000o\000n}{section.6}% 37
\BOOKMARK [2][-]{subsection.6.2}{\376\377\000L\000R\000A\000\040\000R\000a\000n\000k\000\040\000E\000v\000o\000l\000u\000t\000i\000o\000n}{section.6}% 38
\BOOKMARK [2][-]{subsection.6.3}{\376\377\000C\000o\000m\000p\000a\000r\000i\000s\000o\000n\000\040\000o\000f\000\040\000V\000a\000r\000i\000a\000b\000i\000l\000i\000t\000y}{section.6}% 39
\BOOKMARK [1][-]{section.7}{\376\377\000L\000i\000m\000i\000t\000a\000t\000i\000o\000n\000s\000\040\000o\000f\000\040\000o\000u\000r\000\040\000T\000e\000s\000t\000s}{}% 40
\BOOKMARK [2][-]{subsection.7.1}{\376\377\000D\000a\000t\000a\000s\000e\000t\000\040\000S\000i\000z\000e}{section.7}% 41
\BOOKMARK [2][-]{subsection.7.2}{\376\377\000R\000e\000p\000r\000e\000s\000e\000n\000t\000a\000t\000i\000o\000n\000\040\000o\000f\000\040\000D\000a\000t\000a}{section.7}% 42
\BOOKMARK [2][-]{subsection.7.3}{\376\377\000B\000y\000t\000e\000-\000L\000e\000v\000e\000l\000\040\000A\000n\000a\000l\000y\000s\000i\000s}{section.7}% 43
\BOOKMARK [2][-]{subsection.7.4}{\376\377\000F\000u\000t\000u\000r\000e\000\040\000W\000o\000r\000k}{section.7}% 44
\BOOKMARK [1][-]{section.8}{\376\377\000D\000i\000s\000c\000u\000s\000s\000i\000o\000n}{}% 45
\BOOKMARK [2][-]{subsection.8.1}{\376\377\000F\000u\000t\000u\000r\000e\000\040\000R\000e\000s\000e\000a\000r\000c\000h\000\040\000D\000i\000r\000e\000c\000t\000i\000o\000n\000s\000\040\000w\000i\000t\000h\000\040\000D\000e\000e\000p\000\040\000L\000e\000a\000r\000n\000i\000n\000g}{section.8}% 46
\BOOKMARK [3][-]{subsubsection.8.1.1}{\376\377\000E\000n\000h\000a\000n\000c\000e\000d\000\040\000P\000r\000e\000p\000r\000o\000c\000e\000s\000s\000i\000n\000g\000\040\000T\000e\000c\000h\000n\000i\000q\000u\000e\000s}{subsection.8.1}% 47
\BOOKMARK [1][-]{section.9}{\376\377\000C\000o\000n\000c\000l\000u\000s\000i\000o\000n}{}% 48
